<!DOCTYPE html>
<html>
<head>
    <title>Unittest Results</title>
    <meta charset="utf-8">
    <meta name="viewport" content="width=device-width, initial-scale=1.0">
    <link rel="stylesheet" href="https://maxcdn.bootstrapcdn.com/bootstrap/3.3.6/css/bootstrap.min.css" integrity="sha384-1q8mTJOASx8j1Au+a5WDVnPi2lkFfwwEAa8hDDdjZlpLegxhjVME1fgjWPGmkzs7" crossorigin="anonymous">
</head>
<body>
    <div class="container">
        <div class="row">
            <div class="col-xs-12">
                <h2 class="text-capitalize">Unittest Results</h2>
                <p class='attribute'><strong>Start Time: </strong>2019-07-04 13:48:36</p>
                <p class='attribute'><strong>Duration: </strong>0 ms</p>
                <p class='attribute'><strong>Summary: </strong>Total: 1, Pass: 0, Error: 1</p>
            </div>
        </div>
        <div class="row">
            <div class="col-xs-12 col-sm-10 col-md-10">
                <table class='table table-hover table-responsive'>
                    <thead>
                        <tr>
                            <th>setUpClass (__main__</th>
                            <th>Status</th>
                            <th></th>
                        </tr>
                    </thead>
                    <tbody>
                        <tr class='warning'>
                            <td class="col-xs-10">CaseTest)</td>
                            <td class="col-xs-1">
                                <span class="label label-warning" style="display:block;width:40px;">Error</span>
                            </td>
                            <td class="col-xs-1">
                                <button class="btn btn-default btn-xs">View</button>
                            </td>
                        </tr>
                        <tr style="display:none;">
                            <td class="col-xs-9" colspan="3"><p style="color:maroon;">WebDriverException: Message: An unknown server-side error occurred while processing the command. Original error: Could not sign with default certificate. Original error Command ''C:\\Program Files\\Java\\jdk1.8.0_191\\bin\\java.exe' -jar C\:\\Users\\thinkpad\\AppData\\Roaming\\npm\\node_modules\\appium\\node_modules\\_appium-adb\@7.8.1\@appium-adb\\jars\\sign.jar C\:\\Users\\thinkpad\\AppData\\Roaming\\npm\\node_modules\\appium\\node_modules\\_appium-uiautomator2-server\@3.7.0\@appium-uiautomator2-server\\apks\\appium-uiautomator2-server-debug-androidTest.apk --override' exited with code 1
</p><p style="color:maroon;">Traceback (most recent call last):
  File "E:\测试\练习题\appium\02.python-移动端自动化测试Appium\case\test_case.py", line 20, in setUpClass
    driver = webdriver.Remote("http://127.0.0.1:4723/wd/hub",capabilities)
  File "C:\Python\Python36\lib\site-packages\appium\webdriver\webdriver.py", line 142, in __init__
    proxy
  File "C:\Python\Python36\lib\site-packages\selenium\webdriver\remote\webdriver.py", line 157, in __init__
    self.start_session(capabilities, browser_profile)
  File "C:\Python\Python36\lib\site-packages\appium\webdriver\webdriver.py", line 217, in start_session
    response = self.execute(RemoteCommand.NEW_SESSION, parameters)
  File "C:\Python\Python36\lib\site-packages\selenium\webdriver\remote\webdriver.py", line 321, in execute
    self.error_handler.check_response(response)
  File "C:\Python\Python36\lib\site-packages\selenium\webdriver\remote\errorhandler.py", line 242, in check_response
    raise exception_class(message, screen, stacktrace)
selenium.common.exceptions.WebDriverException: Message: An unknown server-side error occurred while processing the command. Original error: Could not sign with default certificate. Original error Command ''C:\\Program Files\\Java\\jdk1.8.0_191\\bin\\java.exe' -jar C\:\\Users\\thinkpad\\AppData\\Roaming\\npm\\node_modules\\appium\\node_modules\\_appium-adb\@7.8.1\@appium-adb\\jars\\sign.jar C\:\\Users\\thinkpad\\AppData\\Roaming\\npm\\node_modules\\appium\\node_modules\\_appium-uiautomator2-server\@3.7.0\@appium-uiautomator2-server\\apks\\appium-uiautomator2-server-debug-androidTest.apk --override' exited with code 1

</p>
                            </td>
                        </tr>
                        <tr>
                            <td colspan="3">
                                Total: 1, Pass: 0, Error: 1 -- Duration: 0 ms
                            </td>
                        </tr>
                    </tbody>
                </table>
            </div>
        </div>
    </div>
    <!-- <script src="https://ajax.googleapis.com/ajax/libs/jquery/2.2.4/jquery.min.js"></script> -->

    <script src="http://apps.bdimg.com/libs/jquery/2.1.1/jquery.min.js"></script>
    
    <script type="text/javascript">
        $(document).ready(function(){
            $('td').on('click', '.btn', function(e){
                e.preventDefault();
                e.stopImmediatePropagation();
                var $this = $(this);
                var $nextRow = $this.closest('tr').next('tr');
                $nextRow.slideToggle("fast");
                $this.text(function(i, text){
                    if (text === 'View') {
                        return 'Hide';
                    } else {
                        return 'View';
                    };
                });
            });
        });
    </script>
</body>
</html